<?xml version="1.0" encoding="UTF-8"?>
<testsuite xmlns:xsi="http://www.w3.org/2001/XMLSchema-instance" xsi:noNamespaceSchemaLocation="https://maven.apache.org/surefire/maven-surefire-plugin/xsd/surefire-test-report-3.0.xsd" version="3.0" name="TestSuite" time="34.691" tests="6" errors="0" skipped="3" failures="2">
  <properties>
    <property name="awt.toolkit" value="sun.lwawt.macosx.LWCToolkit"/>
    <property name="java.specification.version" value="12"/>
    <property name="sun.jnu.encoding" value="UTF-8"/>
    <property name="java.class.path" value="/Users/arcigo/Documents/Projects/NovaAutomationTesting/target/test-classes:/Users/arcigo/Documents/Projects/NovaAutomationTesting/target/classes:/Users/arcigo/.m2/repository/org/testng/testng/6.8/testng-6.8.jar:/Users/arcigo/.m2/repository/junit/junit/4.10/junit-4.10.jar:/Users/arcigo/.m2/repository/org/hamcrest/hamcrest-core/1.1/hamcrest-core-1.1.jar:/Users/arcigo/.m2/repository/org/beanshell/bsh/2.0b4/bsh-2.0b4.jar:/Users/arcigo/.m2/repository/com/beust/jcommander/1.27/jcommander-1.27.jar:/Users/arcigo/.m2/repository/org/yaml/snakeyaml/1.6/snakeyaml-1.6.jar:/Users/arcigo/.m2/repository/org/seleniumhq/selenium/selenium-chrome-driver/3.14.0/selenium-chrome-driver-3.14.0.jar:/Users/arcigo/.m2/repository/org/seleniumhq/selenium/selenium-api/3.14.0/selenium-api-3.14.0.jar:/Users/arcigo/.m2/repository/org/seleniumhq/selenium/selenium-remote-driver/3.14.0/selenium-remote-driver-3.14.0.jar:/Users/arcigo/.m2/repository/net/bytebuddy/byte-buddy/1.8.15/byte-buddy-1.8.15.jar:/Users/arcigo/.m2/repository/org/apache/commons/commons-exec/1.3/commons-exec-1.3.jar:/Users/arcigo/.m2/repository/commons-codec/commons-codec/1.10/commons-codec-1.10.jar:/Users/arcigo/.m2/repository/commons-logging/commons-logging/1.2/commons-logging-1.2.jar:/Users/arcigo/.m2/repository/com/google/guava/guava/25.0-jre/guava-25.0-jre.jar:/Users/arcigo/.m2/repository/com/google/code/findbugs/jsr305/1.3.9/jsr305-1.3.9.jar:/Users/arcigo/.m2/repository/org/checkerframework/checker-compat-qual/2.0.0/checker-compat-qual-2.0.0.jar:/Users/arcigo/.m2/repository/com/google/errorprone/error_prone_annotations/2.1.3/error_prone_annotations-2.1.3.jar:/Users/arcigo/.m2/repository/com/google/j2objc/j2objc-annotations/1.1/j2objc-annotations-1.1.jar:/Users/arcigo/.m2/repository/org/codehaus/mojo/animal-sniffer-annotations/1.14/animal-sniffer-annotations-1.14.jar:/Users/arcigo/.m2/repository/org/apache/httpcomponents/httpclient/4.5.5/httpclient-4.5.5.jar:/Users/arcigo/.m2/repository/org/apache/httpcomponents/httpcore/4.4.9/httpcore-4.4.9.jar:/Users/arcigo/.m2/repository/com/squareup/okhttp3/okhttp/3.10.0/okhttp-3.10.0.jar:/Users/arcigo/.m2/repository/com/squareup/okio/okio/1.14.1/okio-1.14.1.jar:/Users/arcigo/.m2/repository/org/seleniumhq/selenium/selenium-support/3.14.0/selenium-support-3.14.0.jar:/Users/arcigo/.m2/repository/org/apache/logging/log4j/log4j-api/2.11.2/log4j-api-2.11.2.jar:/Users/arcigo/.m2/repository/org/apache/logging/log4j/log4j-core/2.11.2/log4j-core-2.11.2.jar:/Users/arcigo/.m2/repository/com/relevantcodes/extentreports/2.41.2/extentreports-2.41.2.jar:/Users/arcigo/.m2/repository/org/jsoup/jsoup/1.8.3/jsoup-1.8.3.jar:/Users/arcigo/.m2/repository/org/xerial/sqlite-jdbc/3.8.11.1/sqlite-jdbc-3.8.11.1.jar:/Users/arcigo/.m2/repository/org/freemarker/freemarker/2.3.23/freemarker-2.3.23.jar:/Users/arcigo/.m2/repository/org/mongodb/mongodb-driver/3.0.4/mongodb-driver-3.0.4.jar:/Users/arcigo/.m2/repository/org/mongodb/bson/3.0.4/bson-3.0.4.jar:/Users/arcigo/.m2/repository/org/mongodb/mongodb-driver-core/3.0.4/mongodb-driver-core-3.0.4.jar:"/>
    <property name="java.vm.vendor" value="Oracle Corporation"/>
    <property name="sun.arch.data.model" value="64"/>
    <property name="java.vendor.url" value="https://java.oracle.com/"/>
    <property name="os.name" value="Mac OS X"/>
    <property name="java.vm.specification.version" value="12"/>
    <property name="sun.java.launcher" value="SUN_STANDARD"/>
    <property name="user.country" value="MX"/>
    <property name="sun.boot.library.path" value="/Library/Java/JavaVirtualMachines/jdk-12.jdk/Contents/Home/lib"/>
    <property name="sun.java.command" value="/Users/arcigo/Documents/Projects/NovaAutomationTesting/target/surefire/surefirebooter5346065138548375171.jar /Users/arcigo/Documents/Projects/NovaAutomationTesting/target/surefire 2019-06-27T19-00-09_371-jvmRun1 surefire4541145405349391647tmp surefire_07183624780249227385tmp"/>
    <property name="http.nonProxyHosts" value="local|*.local|169.254/16|*.169.254/16"/>
    <property name="jdk.debug" value="release"/>
    <property name="surefire.test.class.path" value="/Users/arcigo/Documents/Projects/NovaAutomationTesting/target/test-classes:/Users/arcigo/Documents/Projects/NovaAutomationTesting/target/classes:/Users/arcigo/.m2/repository/org/testng/testng/6.8/testng-6.8.jar:/Users/arcigo/.m2/repository/junit/junit/4.10/junit-4.10.jar:/Users/arcigo/.m2/repository/org/hamcrest/hamcrest-core/1.1/hamcrest-core-1.1.jar:/Users/arcigo/.m2/repository/org/beanshell/bsh/2.0b4/bsh-2.0b4.jar:/Users/arcigo/.m2/repository/com/beust/jcommander/1.27/jcommander-1.27.jar:/Users/arcigo/.m2/repository/org/yaml/snakeyaml/1.6/snakeyaml-1.6.jar:/Users/arcigo/.m2/repository/org/seleniumhq/selenium/selenium-chrome-driver/3.14.0/selenium-chrome-driver-3.14.0.jar:/Users/arcigo/.m2/repository/org/seleniumhq/selenium/selenium-api/3.14.0/selenium-api-3.14.0.jar:/Users/arcigo/.m2/repository/org/seleniumhq/selenium/selenium-remote-driver/3.14.0/selenium-remote-driver-3.14.0.jar:/Users/arcigo/.m2/repository/net/bytebuddy/byte-buddy/1.8.15/byte-buddy-1.8.15.jar:/Users/arcigo/.m2/repository/org/apache/commons/commons-exec/1.3/commons-exec-1.3.jar:/Users/arcigo/.m2/repository/commons-codec/commons-codec/1.10/commons-codec-1.10.jar:/Users/arcigo/.m2/repository/commons-logging/commons-logging/1.2/commons-logging-1.2.jar:/Users/arcigo/.m2/repository/com/google/guava/guava/25.0-jre/guava-25.0-jre.jar:/Users/arcigo/.m2/repository/com/google/code/findbugs/jsr305/1.3.9/jsr305-1.3.9.jar:/Users/arcigo/.m2/repository/org/checkerframework/checker-compat-qual/2.0.0/checker-compat-qual-2.0.0.jar:/Users/arcigo/.m2/repository/com/google/errorprone/error_prone_annotations/2.1.3/error_prone_annotations-2.1.3.jar:/Users/arcigo/.m2/repository/com/google/j2objc/j2objc-annotations/1.1/j2objc-annotations-1.1.jar:/Users/arcigo/.m2/repository/org/codehaus/mojo/animal-sniffer-annotations/1.14/animal-sniffer-annotations-1.14.jar:/Users/arcigo/.m2/repository/org/apache/httpcomponents/httpclient/4.5.5/httpclient-4.5.5.jar:/Users/arcigo/.m2/repository/org/apache/httpcomponents/httpcore/4.4.9/httpcore-4.4.9.jar:/Users/arcigo/.m2/repository/com/squareup/okhttp3/okhttp/3.10.0/okhttp-3.10.0.jar:/Users/arcigo/.m2/repository/com/squareup/okio/okio/1.14.1/okio-1.14.1.jar:/Users/arcigo/.m2/repository/org/seleniumhq/selenium/selenium-support/3.14.0/selenium-support-3.14.0.jar:/Users/arcigo/.m2/repository/org/apache/logging/log4j/log4j-api/2.11.2/log4j-api-2.11.2.jar:/Users/arcigo/.m2/repository/org/apache/logging/log4j/log4j-core/2.11.2/log4j-core-2.11.2.jar:/Users/arcigo/.m2/repository/com/relevantcodes/extentreports/2.41.2/extentreports-2.41.2.jar:/Users/arcigo/.m2/repository/org/jsoup/jsoup/1.8.3/jsoup-1.8.3.jar:/Users/arcigo/.m2/repository/org/xerial/sqlite-jdbc/3.8.11.1/sqlite-jdbc-3.8.11.1.jar:/Users/arcigo/.m2/repository/org/freemarker/freemarker/2.3.23/freemarker-2.3.23.jar:/Users/arcigo/.m2/repository/org/mongodb/mongodb-driver/3.0.4/mongodb-driver-3.0.4.jar:/Users/arcigo/.m2/repository/org/mongodb/bson/3.0.4/bson-3.0.4.jar:/Users/arcigo/.m2/repository/org/mongodb/mongodb-driver-core/3.0.4/mongodb-driver-core-3.0.4.jar:"/>
    <property name="sun.cpu.endian" value="little"/>
    <property name="user.home" value="/Users/arcigo"/>
    <property name="user.language" value="en"/>
    <property name="java.specification.vendor" value="Oracle Corporation"/>
    <property name="java.version.date" value="2019-03-19"/>
    <property name="java.home" value="/Library/Java/JavaVirtualMachines/jdk-12.jdk/Contents/Home"/>
    <property name="basedir" value="/Users/arcigo/Documents/Projects/NovaAutomationTesting"/>
    <property name="file.separator" value="/"/>
    <property name="java.vm.compressedOopsMode" value="Zero based"/>
    <property name="line.separator" value="&#10;"/>
    <property name="java.vm.specification.vendor" value="Oracle Corporation"/>
    <property name="java.specification.name" value="Java Platform API Specification"/>
    <property name="java.awt.graphicsenv" value="sun.awt.CGraphicsEnvironment"/>
    <property name="surefire.real.class.path" value="/Users/arcigo/Documents/Projects/NovaAutomationTesting/target/surefire/surefirebooter5346065138548375171.jar"/>
    <property name="sun.management.compiler" value="HotSpot 64-Bit Tiered Compilers"/>
    <property name="ftp.nonProxyHosts" value="local|*.local|169.254/16|*.169.254/16"/>
    <property name="java.runtime.version" value="12+33"/>
    <property name="user.name" value="arcigo"/>
    <property name="path.separator" value=":"/>
    <property name="os.version" value="10.14.5"/>
    <property name="java.runtime.name" value="Java(TM) SE Runtime Environment"/>
    <property name="file.encoding" value="UTF-8"/>
    <property name="java.vm.name" value="Java HotSpot(TM) 64-Bit Server VM"/>
    <property name="localRepository" value="/Users/arcigo/.m2/repository"/>
    <property name="java.vendor.url.bug" value="https://bugreport.java.com/bugreport/"/>
    <property name="java.io.tmpdir" value="/var/folders/vg/t27wqr910qg5c99h2kgzfmlr0000gq/T/"/>
    <property name="java.version" value="12"/>
    <property name="user.dir" value="/Users/arcigo/Documents/Projects/NovaAutomationTesting"/>
    <property name="os.arch" value="x86_64"/>
    <property name="java.vm.specification.name" value="Java Virtual Machine Specification"/>
    <property name="idea.version2019.1" value="true"/>
    <property name="java.library.path" value="/Users/arcigo/Library/Java/Extensions:/Library/Java/Extensions:/Network/Library/Java/Extensions:/System/Library/Java/Extensions:/usr/lib/java:."/>
    <property name="java.vm.info" value="mixed mode, sharing"/>
    <property name="java.vendor" value="Oracle Corporation"/>
    <property name="java.vm.version" value="12+33"/>
    <property name="sun.io.unicode.encoding" value="UnicodeBig"/>
    <property name="socksNonProxyHosts" value="local|*.local|169.254/16|*.169.254/16"/>
    <property name="java.class.version" value="56.0"/>
  </properties>
  <testcase name="LoginWithValidCredentials" classname="Tests.LoginTest" time="14.79"/>
  <testcase name="addActivity" classname="Tests.DashboardTest" time="12.175">
    <failure message="stale element reference: element is not attached to the page document&#10;  (Session info: chrome=75.0.3770.100)&#10;  (Driver info: chromedriver=74.0.3729.6 (255758eccf3d244491b8a1317aa76e1ce10d57e9-refs/branch-heads/3729@{#29}),platform=Mac OS X 10.14.5 x86_64) (WARNING: The server did not provide any stacktrace information)&#10;Command duration or timeout: 0 milliseconds&#10;For documentation on this error, please visit: http://seleniumhq.org/exceptions/stale_element_reference.html&#10;Build info: version: &apos;3.14.0&apos;, revision: &apos;aacccce0&apos;, time: &apos;2018-08-02T20:19:58.91Z&apos;&#10;System info: host: &apos;MBP-17-3435.local&apos;, ip: &apos;fe80:0:0:0:107a:786e:2749:1dca%en0&apos;, os.name: &apos;Mac OS X&apos;, os.arch: &apos;x86_64&apos;, os.version: &apos;10.14.5&apos;, java.version: &apos;12&apos;&#10;Driver info: org.openqa.selenium.chrome.ChromeDriver&#10;Capabilities {acceptInsecureCerts: false, acceptSslCerts: false, applicationCacheEnabled: false, browserConnectionEnabled: false, browserName: chrome, chrome: {chromedriverVersion: 74.0.3729.6 (255758eccf3d24..., userDataDir: /var/folders/vg/t27wqr910qg...}, cssSelectorsEnabled: true, databaseEnabled: false, goog:chromeOptions: {debuggerAddress: localhost:57042}, handlesAlerts: true, hasTouchScreen: false, javascriptEnabled: true, locationContextEnabled: true, mobileEmulationEnabled: false, nativeEvents: true, networkConnectionEnabled: false, pageLoadStrategy: normal, platform: MAC, platformName: MAC, proxy: Proxy(), rotatable: false, setWindowRect: true, strictFileInteractability: false, takesHeapSnapshot: true, takesScreenshot: true, timeouts: {implicit: 0, pageLoad: 300000, script: 30000}, unexpectedAlertBehaviour: ignore, unhandledPromptBehavior: ignore, version: 75.0.3770.100, webStorageEnabled: true}&#10;Session ID: 287bfb94ce6b228fe57bc41845d6a72d" type="org.openqa.selenium.StaleElementReferenceException">org.openqa.selenium.StaleElementReferenceException: 
stale element reference: element is not attached to the page document
  (Session info: chrome=75.0.3770.100)
  (Driver info: chromedriver=74.0.3729.6 (255758eccf3d244491b8a1317aa76e1ce10d57e9-refs/branch-heads/3729@{#29}),platform=Mac OS X 10.14.5 x86_64) (WARNING: The server did not provide any stacktrace information)
Command duration or timeout: 0 milliseconds
For documentation on this error, please visit: http://seleniumhq.org/exceptions/stale_element_reference.html
Build info: version: '3.14.0', revision: 'aacccce0', time: '2018-08-02T20:19:58.91Z'
System info: host: 'MBP-17-3435.local', ip: 'fe80:0:0:0:107a:786e:2749:1dca%en0', os.name: 'Mac OS X', os.arch: 'x86_64', os.version: '10.14.5', java.version: '12'
Driver info: org.openqa.selenium.chrome.ChromeDriver
Capabilities {acceptInsecureCerts: false, acceptSslCerts: false, applicationCacheEnabled: false, browserConnectionEnabled: false, browserName: chrome, chrome: {chromedriverVersion: 74.0.3729.6 (255758eccf3d24..., userDataDir: /var/folders/vg/t27wqr910qg...}, cssSelectorsEnabled: true, databaseEnabled: false, goog:chromeOptions: {debuggerAddress: localhost:57042}, handlesAlerts: true, hasTouchScreen: false, javascriptEnabled: true, locationContextEnabled: true, mobileEmulationEnabled: false, nativeEvents: true, networkConnectionEnabled: false, pageLoadStrategy: normal, platform: MAC, platformName: MAC, proxy: Proxy(), rotatable: false, setWindowRect: true, strictFileInteractability: false, takesHeapSnapshot: true, takesScreenshot: true, timeouts: {implicit: 0, pageLoad: 300000, script: 30000}, unexpectedAlertBehaviour: ignore, unhandledPromptBehavior: ignore, version: 75.0.3770.100, webStorageEnabled: true}
Session ID: 287bfb94ce6b228fe57bc41845d6a72d
	at Tests.DashboardTest.addActivity(DashboardTest.java:40)
</failure>
    <system-out><![CDATA[2019-Jun-27 19:00:27 PM [main] INFO  utilities.Log - I am in onTestSuccess() method: LoginWithValidCredentials succeed
2019-Jun-27 19:00:27 PM [main] INFO  utilities.Log - I am in After Method! Test is ending!
2019-Jun-27 19:00:28 PM [main] INFO  utilities.Log - I am in onFinish() method Test_1
2019-Jun-27 19:00:28 PM [main] INFO  utilities.Log - I am in onStart() method Test_2
2019-Jun-27 19:00:28 PM [main] INFO  utilities.Log - I am in Before Method! Test is starting!
2019-Jun-27 19:00:29 PM [main] INFO  utilities.Log - I am in onTestStart() method: addActivity started
]]></system-out>
    <system-err><![CDATA[Starting ChromeDriver 74.0.3729.6 (255758eccf3d244491b8a1317aa76e1ce10d57e9-refs/branch-heads/3729@{#29}) on port 21294
Only local connections are allowed.
Please protect ports used by ChromeDriver and related test frameworks to prevent access by malicious code.
[1561680029.443][WARNING]: This version of ChromeDriver has not been tested with Chrome version 75.
Jun 27, 2019 7:00:29 PM org.openqa.selenium.remote.ProtocolHandshake createSession
INFO: Detected dialect: OSS
]]></system-err>
  </testcase>
  <testcase name="addActivity" classname="Tests.DashboardTest" time="0.462">
    <failure message="expected [true] but found [false]" type="java.lang.AssertionError">java.lang.AssertionError: expected [true] but found [false]
	at Tests.DashboardTest.startLogin(DashboardTest.java:27)
	at Tests.DashboardTest.addActivity(DashboardTest.java:38)
</failure>
    <system-out><![CDATA[2019-Jun-27 19:00:41 PM [main] ERROR utilities.Log - I am in onTestFailure() method: addActivity failed
2019-Jun-27 19:00:43 PM [main] INFO  utilities.Log - I am in onTestStart() method: addActivity started
]]></system-out>
  </testcase>
  <testcase name="getColsSizeOfCalendar" classname="Tests.DashboardTest" time="0">
    <skipped/>
    <system-out><![CDATA[2019-Jun-27 19:00:43 PM [main] ERROR utilities.Log - I am in onTestFailure() method: addActivity failed
]]></system-out>
  </testcase>
  <testcase name="getDaysNameOfCalendar" classname="Tests.DashboardTest" time="0">
    <skipped/>
    <system-out><![CDATA[2019-Jun-27 19:00:44 PM [main] WARN  utilities.Log - I am in onTestSkipped() method: getColsSizeOfCalendar skipped
]]></system-out>
  </testcase>
  <testcase name="getCalendarMonthView" classname="Tests.DashboardTest" time="0">
    <skipped/>
    <system-out><![CDATA[2019-Jun-27 19:00:44 PM [main] WARN  utilities.Log - I am in onTestSkipped() method: getDaysNameOfCalendar skipped
]]></system-out>
  </testcase>
</testsuite>