<?xml version="1.0" encoding="UTF-8"?>
<testng-results total="6" passed="1" failed="2" skipped="3">
  <reporter-output>
  </reporter-output>
  <suite started-at="2019-06-28T00:00:10Z" name="tests" finished-at="2019-06-28T00:00:44Z" duration-ms="34120">
    <groups>
      <group name="Add activity">
        <method signature="DashboardTest.addActivity(java.lang.reflect.Method)[pri:0, instance:Tests.DashboardTest@71d15f18]" name="addActivity" class="Tests.DashboardTest"/>
      </group> <!-- Add activity -->
      <group name="Calendar">
        <method signature="DashboardTest.getColsSizeOfCalendar(java.lang.reflect.Method)[pri:0, instance:Tests.DashboardTest@71d15f18]" name="getColsSizeOfCalendar" class="Tests.DashboardTest"/>
        <method signature="DashboardTest.getDaysNameOfCalendar(java.lang.reflect.Method)[pri:0, instance:Tests.DashboardTest@71d15f18]" name="getDaysNameOfCalendar" class="Tests.DashboardTest"/>
        <method signature="DashboardTest.getCalendarMonthView(java.lang.reflect.Method)[pri:0, instance:Tests.DashboardTest@71d15f18]" name="getCalendarMonthView" class="Tests.DashboardTest"/>
      </group> <!-- Calendar -->
      <group name="Login">
        <method signature="LoginTest.LoginWithValidCredentials(java.lang.reflect.Method)[pri:0, instance:Tests.LoginTest@68ceda24]" name="LoginWithValidCredentials" class="Tests.LoginTest"/>
      </group> <!-- Login -->
    </groups>
    <test started-at="2019-06-28T00:00:10Z" name="Test_1" finished-at="2019-06-28T00:00:28Z" duration-ms="17621">
      <class name="Tests.LoginTest">
        <test-method is-config="true" signature="setupForEverySingleMethod()[pri:0, instance:Tests.LoginTest@68ceda24]" started-at="2019-06-27T19:00:10Z" name="setupForEverySingleMethod" finished-at="2019-06-27T19:00:12Z" duration-ms="2120" status="PASS">
          <reporter-output>
          </reporter-output>
        </test-method> <!-- setupForEverySingleMethod -->
        <test-method signature="LoginWithValidCredentials(java.lang.reflect.Method)[pri:0, instance:Tests.LoginTest@68ceda24]" started-at="2019-06-27T19:00:12Z" name="LoginWithValidCredentials" finished-at="2019-06-27T19:00:27Z" duration-ms="14788" status="PASS">
          <params>
            <param index="0">
              <value>
                <![CDATA[public void Tests.LoginTest.LoginWithValidCredentials(java.lang.reflect.Method) throws java.lang.Exception]]>
              </value>
            </param>
          </params>
          <reporter-output>
          </reporter-output>
        </test-method> <!-- LoginWithValidCredentials -->
        <test-method is-config="true" signature="cleanupAfterEveryTestMethod()[pri:0, instance:Tests.LoginTest@68ceda24]" started-at="2019-06-27T19:00:27Z" name="cleanupAfterEveryTestMethod" finished-at="2019-06-27T19:00:28Z" duration-ms="264" status="PASS">
          <reporter-output>
          </reporter-output>
        </test-method> <!-- cleanupAfterEveryTestMethod -->
      </class> <!-- Tests.LoginTest -->
    </test> <!-- Test_1 -->
    <test started-at="2019-06-28T00:00:28Z" name="Test_2" finished-at="2019-06-28T00:00:44Z" duration-ms="16210">
      <class name="Tests.DashboardTest">
        <test-method is-config="true" signature="setupForEverySingleMethod()[pri:0, instance:Tests.DashboardTest@71d15f18]" started-at="2019-06-27T19:00:28Z" name="setupForEverySingleMethod" finished-at="2019-06-27T19:00:29Z" duration-ms="1432" status="PASS">
          <reporter-output>
          </reporter-output>
        </test-method> <!-- setupForEverySingleMethod -->
        <test-method signature="addActivity(java.lang.reflect.Method)[pri:0, instance:Tests.DashboardTest@71d15f18]" started-at="2019-06-27T19:00:29Z" name="addActivity" finished-at="2019-06-27T19:00:41Z" duration-ms="12164" status="FAIL">
          <params>
            <param index="0">
              <value>
                <![CDATA[public void Tests.DashboardTest.addActivity(java.lang.reflect.Method)]]>
              </value>
            </param>
          </params>
          <exception class="org.openqa.selenium.StaleElementReferenceException">
            <message>
              <![CDATA[stale element reference: element is not attached to the page document
  (Session info: chrome=75.0.3770.100)
  (Driver info: chromedriver=74.0.3729.6 (255758eccf3d244491b8a1317aa76e1ce10d57e9-refs/branch-heads/3729@{#29}),platform=Mac OS X 10.14.5 x86_64) (WARNING: The server did not provide any stacktrace information)
Command duration or timeout: 0 milliseconds
For documentation on this error, please visit: http://seleniumhq.org/exceptions/stale_element_reference.html
Build info: version: '3.14.0', revision: 'aacccce0', time: '2018-08-02T20:19:58.91Z'
System info: host: 'MBP-17-3435.local', ip: 'fe80:0:0:0:107a:786e:2749:1dca%en0', os.name: 'Mac OS X', os.arch: 'x86_64', os.version: '10.14.5', java.version: '12'
Driver info: org.openqa.selenium.chrome.ChromeDriver
Capabilities {acceptInsecureCerts: false, acceptSslCerts: false, applicationCacheEnabled: false, browserConnectionEnabled: false, browserName: chrome, chrome: {chromedriverVersion: 74.0.3729.6 (255758eccf3d24..., userDataDir: /var/folders/vg/t27wqr910qg...}, cssSelectorsEnabled: true, databaseEnabled: false, goog:chromeOptions: {debuggerAddress: localhost:57042}, handlesAlerts: true, hasTouchScreen: false, javascriptEnabled: true, locationContextEnabled: true, mobileEmulationEnabled: false, nativeEvents: true, networkConnectionEnabled: false, pageLoadStrategy: normal, platform: MAC, platformName: MAC, proxy: Proxy(), rotatable: false, setWindowRect: true, strictFileInteractability: false, takesHeapSnapshot: true, takesScreenshot: true, timeouts: {implicit: 0, pageLoad: 300000, script: 30000}, unexpectedAlertBehaviour: ignore, unhandledPromptBehavior: ignore, version: 75.0.3770.100, webStorageEnabled: true}
Session ID: 287bfb94ce6b228fe57bc41845d6a72d]]>
            </message>
            <full-stacktrace>
              <![CDATA[org.openqa.selenium.StaleElementReferenceException: stale element reference: element is not attached to the page document
  (Session info: chrome=75.0.3770.100)
  (Driver info: chromedriver=74.0.3729.6 (255758eccf3d244491b8a1317aa76e1ce10d57e9-refs/branch-heads/3729@{#29}),platform=Mac OS X 10.14.5 x86_64) (WARNING: The server did not provide any stacktrace information)
Command duration or timeout: 0 milliseconds
For documentation on this error, please visit: http://seleniumhq.org/exceptions/stale_element_reference.html
Build info: version: '3.14.0', revision: 'aacccce0', time: '2018-08-02T20:19:58.91Z'
System info: host: 'MBP-17-3435.local', ip: 'fe80:0:0:0:107a:786e:2749:1dca%en0', os.name: 'Mac OS X', os.arch: 'x86_64', os.version: '10.14.5', java.version: '12'
Driver info: org.openqa.selenium.chrome.ChromeDriver
Capabilities {acceptInsecureCerts: false, acceptSslCerts: false, applicationCacheEnabled: false, browserConnectionEnabled: false, browserName: chrome, chrome: {chromedriverVersion: 74.0.3729.6 (255758eccf3d24..., userDataDir: /var/folders/vg/t27wqr910qg...}, cssSelectorsEnabled: true, databaseEnabled: false, goog:chromeOptions: {debuggerAddress: localhost:57042}, handlesAlerts: true, hasTouchScreen: false, javascriptEnabled: true, locationContextEnabled: true, mobileEmulationEnabled: false, nativeEvents: true, networkConnectionEnabled: false, pageLoadStrategy: normal, platform: MAC, platformName: MAC, proxy: Proxy(), rotatable: false, setWindowRect: true, strictFileInteractability: false, takesHeapSnapshot: true, takesScreenshot: true, timeouts: {implicit: 0, pageLoad: 300000, script: 30000}, unexpectedAlertBehaviour: ignore, unhandledPromptBehavior: ignore, version: 75.0.3770.100, webStorageEnabled: true}
Session ID: 287bfb94ce6b228fe57bc41845d6a72d
	at java.base/jdk.internal.reflect.NativeConstructorAccessorImpl.newInstance0(Native Method)
	at java.base/jdk.internal.reflect.NativeConstructorAccessorImpl.newInstance(NativeConstructorAccessorImpl.java:62)
	at java.base/jdk.internal.reflect.DelegatingConstructorAccessorImpl.newInstance(DelegatingConstructorAccessorImpl.java:45)
	at java.base/java.lang.reflect.Constructor.newInstanceWithCaller(Constructor.java:500)
	at java.base/java.lang.reflect.Constructor.newInstance(Constructor.java:481)
	at org.openqa.selenium.remote.ErrorHandler.createThrowable(ErrorHandler.java:214)
	at org.openqa.selenium.remote.ErrorHandler.throwIfResponseFailed(ErrorHandler.java:166)
	at org.openqa.selenium.remote.http.JsonHttpResponseCodec.reconstructValue(JsonHttpResponseCodec.java:40)
	at org.openqa.selenium.remote.http.AbstractHttpResponseCodec.decode(AbstractHttpResponseCodec.java:80)
	at org.openqa.selenium.remote.http.AbstractHttpResponseCodec.decode(AbstractHttpResponseCodec.java:44)
	at org.openqa.selenium.remote.HttpCommandExecutor.execute(HttpCommandExecutor.java:158)
	at org.openqa.selenium.remote.service.DriverCommandExecutor.execute(DriverCommandExecutor.java:83)
	at org.openqa.selenium.remote.RemoteWebDriver.execute(RemoteWebDriver.java:548)
	at org.openqa.selenium.remote.RemoteWebElement.execute(RemoteWebElement.java:276)
	at org.openqa.selenium.remote.RemoteWebElement.getText(RemoteWebElement.java:160)
	at Pages.DashboardPage.addActivity(DashboardPage.java:168)
	at Tests.DashboardTest.addActivity(DashboardTest.java:40)
	at java.base/jdk.internal.reflect.NativeMethodAccessorImpl.invoke0(Native Method)
	at java.base/jdk.internal.reflect.NativeMethodAccessorImpl.invoke(NativeMethodAccessorImpl.java:62)
	at java.base/jdk.internal.reflect.DelegatingMethodAccessorImpl.invoke(DelegatingMethodAccessorImpl.java:43)
	at java.base/java.lang.reflect.Method.invoke(Method.java:567)
	at org.testng.internal.MethodInvocationHelper.invokeMethod(MethodInvocationHelper.java:80)
	at org.testng.internal.Invoker.invokeMethod(Invoker.java:714)
	at org.testng.internal.Invoker.invokeTestMethod(Invoker.java:901)
	at org.testng.internal.Invoker.invokeTestMethods(Invoker.java:1231)
	at org.testng.internal.TestMethodWorker.invokeTestMethods(TestMethodWorker.java:127)
	at org.testng.internal.TestMethodWorker.run(TestMethodWorker.java:111)
	at org.testng.TestRunner.privateRun(TestRunner.java:767)
	at org.testng.TestRunner.run(TestRunner.java:617)
	at org.testng.SuiteRunner.runTest(SuiteRunner.java:334)
	at org.testng.SuiteRunner.runSequentially(SuiteRunner.java:329)
	at org.testng.SuiteRunner.privateRun(SuiteRunner.java:291)
	at org.testng.SuiteRunner.run(SuiteRunner.java:240)
	at org.testng.SuiteRunnerWorker.runSuite(SuiteRunnerWorker.java:52)
	at org.testng.SuiteRunnerWorker.run(SuiteRunnerWorker.java:86)
	at org.testng.TestNG.runSuitesSequentially(TestNG.java:1198)
	at org.testng.TestNG.runSuitesLocally(TestNG.java:1123)
	at org.testng.TestNG.run(TestNG.java:1031)
	at org.apache.maven.surefire.testng.TestNGExecutor.run(TestNGExecutor.java:283)
	at org.apache.maven.surefire.testng.TestNGXmlTestSuite.execute(TestNGXmlTestSuite.java:75)
	at org.apache.maven.surefire.testng.TestNGProvider.invoke(TestNGProvider.java:120)
	at org.apache.maven.surefire.booter.ForkedBooter.invokeProviderInSameClassLoader(ForkedBooter.java:384)
	at org.apache.maven.surefire.booter.ForkedBooter.runSuitesInProcess(ForkedBooter.java:345)
	at org.apache.maven.surefire.booter.ForkedBooter.execute(ForkedBooter.java:126)
	at org.apache.maven.surefire.booter.ForkedBooter.main(ForkedBooter.java:418)
]]>
            </full-stacktrace>
          </exception> <!-- org.openqa.selenium.StaleElementReferenceException -->
          <reporter-output>
          </reporter-output>
        </test-method> <!-- addActivity -->
        <test-method signature="addActivity(java.lang.reflect.Method)[pri:0, instance:Tests.DashboardTest@71d15f18]" started-at="2019-06-27T19:00:43Z" name="addActivity" finished-at="2019-06-27T19:00:43Z" duration-ms="462" status="FAIL">
          <params>
            <param index="0">
              <value>
                <![CDATA[public void Tests.DashboardTest.addActivity(java.lang.reflect.Method)]]>
              </value>
            </param>
          </params>
          <exception class="java.lang.AssertionError">
            <message>
              <![CDATA[expected [true] but found [false]]]>
            </message>
            <full-stacktrace>
              <![CDATA[java.lang.AssertionError: expected [true] but found [false]
	at org.testng.Assert.fail(Assert.java:94)
	at org.testng.Assert.failNotEquals(Assert.java:494)
	at org.testng.Assert.assertTrue(Assert.java:42)
	at org.testng.Assert.assertTrue(Assert.java:52)
	at Tests.DashboardTest.startLogin(DashboardTest.java:27)
	at Tests.DashboardTest.addActivity(DashboardTest.java:38)
	at java.base/jdk.internal.reflect.NativeMethodAccessorImpl.invoke0(Native Method)
	at java.base/jdk.internal.reflect.NativeMethodAccessorImpl.invoke(NativeMethodAccessorImpl.java:62)
	at java.base/jdk.internal.reflect.DelegatingMethodAccessorImpl.invoke(DelegatingMethodAccessorImpl.java:43)
	at java.base/java.lang.reflect.Method.invoke(Method.java:567)
	at org.testng.internal.MethodInvocationHelper.invokeMethod(MethodInvocationHelper.java:80)
	at org.testng.internal.Invoker.invokeMethod(Invoker.java:714)
	at org.testng.internal.Invoker.retryFailed(Invoker.java:1049)
	at org.testng.internal.Invoker.invokeTestMethods(Invoker.java:1254)
	at org.testng.internal.TestMethodWorker.invokeTestMethods(TestMethodWorker.java:127)
	at org.testng.internal.TestMethodWorker.run(TestMethodWorker.java:111)
	at org.testng.TestRunner.privateRun(TestRunner.java:767)
	at org.testng.TestRunner.run(TestRunner.java:617)
	at org.testng.SuiteRunner.runTest(SuiteRunner.java:334)
	at org.testng.SuiteRunner.runSequentially(SuiteRunner.java:329)
	at org.testng.SuiteRunner.privateRun(SuiteRunner.java:291)
	at org.testng.SuiteRunner.run(SuiteRunner.java:240)
	at org.testng.SuiteRunnerWorker.runSuite(SuiteRunnerWorker.java:52)
	at org.testng.SuiteRunnerWorker.run(SuiteRunnerWorker.java:86)
	at org.testng.TestNG.runSuitesSequentially(TestNG.java:1198)
	at org.testng.TestNG.runSuitesLocally(TestNG.java:1123)
	at org.testng.TestNG.run(TestNG.java:1031)
	at org.apache.maven.surefire.testng.TestNGExecutor.run(TestNGExecutor.java:283)
	at org.apache.maven.surefire.testng.TestNGXmlTestSuite.execute(TestNGXmlTestSuite.java:75)
	at org.apache.maven.surefire.testng.TestNGProvider.invoke(TestNGProvider.java:120)
	at org.apache.maven.surefire.booter.ForkedBooter.invokeProviderInSameClassLoader(ForkedBooter.java:384)
	at org.apache.maven.surefire.booter.ForkedBooter.runSuitesInProcess(ForkedBooter.java:345)
	at org.apache.maven.surefire.booter.ForkedBooter.execute(ForkedBooter.java:126)
	at org.apache.maven.surefire.booter.ForkedBooter.main(ForkedBooter.java:418)
]]>
            </full-stacktrace>
          </exception> <!-- java.lang.AssertionError -->
          <reporter-output>
          </reporter-output>
        </test-method> <!-- addActivity -->
        <test-method signature="getColsSizeOfCalendar(java.lang.reflect.Method)[pri:0, instance:Tests.DashboardTest@71d15f18]" started-at="2019-06-27T19:00:44Z" name="getColsSizeOfCalendar" finished-at="2019-06-27T19:00:44Z" depends-on-methods="Tests.DashboardTest.addActivity" duration-ms="0" status="SKIP">
          <reporter-output>
          </reporter-output>
        </test-method> <!-- getColsSizeOfCalendar -->
        <test-method signature="getDaysNameOfCalendar(java.lang.reflect.Method)[pri:0, instance:Tests.DashboardTest@71d15f18]" started-at="2019-06-27T19:00:44Z" name="getDaysNameOfCalendar" finished-at="2019-06-27T19:00:44Z" depends-on-methods="Tests.DashboardTest.getColsSizeOfCalendar" duration-ms="0" status="SKIP">
          <reporter-output>
          </reporter-output>
        </test-method> <!-- getDaysNameOfCalendar -->
        <test-method signature="getCalendarMonthView(java.lang.reflect.Method)[pri:0, instance:Tests.DashboardTest@71d15f18]" started-at="2019-06-27T19:00:44Z" name="getCalendarMonthView" finished-at="2019-06-27T19:00:44Z" depends-on-methods="Tests.DashboardTest.getDaysNameOfCalendar" duration-ms="0" status="SKIP">
          <reporter-output>
          </reporter-output>
        </test-method> <!-- getCalendarMonthView -->
        <test-method is-config="true" signature="cleanupAfterEveryTestMethod()[pri:0, instance:Tests.DashboardTest@71d15f18]" started-at="2019-06-27T19:00:44Z" name="cleanupAfterEveryTestMethod" finished-at="2019-06-27T19:00:44Z" duration-ms="216" status="PASS">
          <reporter-output>
          </reporter-output>
        </test-method> <!-- cleanupAfterEveryTestMethod -->
      </class> <!-- Tests.DashboardTest -->
    </test> <!-- Test_2 -->
  </suite> <!-- tests -->
</testng-results>
